<testsuites id="" name="" tests="1" failures="1" skipped="0" errors="0" time="55.240213000000004">
<testsuite name="homepage.spec.ts" timestamp="2025-08-22T14:45:46.320Z" hostname="chromium" tests="1" failures="1" skipped="0" time="18.847" errors="0">
<testcase name="Homepage Tests › should load homepage successfully" classname="homepage.spec.ts" time="18.847">
<failure message="homepage.spec.ts:8:7 should load homepage successfully" type="FAILURE">
<![CDATA[  [chromium] › homepage.spec.ts:8:7 › Homepage Tests › should load homepage successfully ───────────

    Error: expect(page).toHaveTitle(expected) failed

    Expected pattern: /Nevada Probate Real Estate/
    Received string:  ""
    Timeout: 10000ms

    Call log:
      - Expect "toHaveTitle" with timeout 10000ms
        13 × unexpected value ""


       8 |   test('should load homepage successfully', async ({ page }) => {
       9 |     // Check page title
    > 10 |     await expect(page).toHaveTitle(/Nevada Probate Real Estate/);
         |                        ^
      11 |     
      12 |     // Check main heading
      13 |     await expect(page.locator('h1')).toContainText('Nevada Probate Real Estate');
        at C:\Users\geneb\probaterealestatesales.com\tests\homepage.spec.ts:10:24

    attachment #1: screenshot (image/png) ──────────────────────────────────────────────────────────
    ..\test-results\homepage-Homepage-Tests-should-load-homepage-successfully-chromium\test-failed-1.png
    ────────────────────────────────────────────────────────────────────────────────────────────────

    attachment #2: video (video/webm) ──────────────────────────────────────────────────────────────
    ..\test-results\homepage-Homepage-Tests-should-load-homepage-successfully-chromium\video.webm
    ────────────────────────────────────────────────────────────────────────────────────────────────

    Error Context: ..\test-results\homepage-Homepage-Tests-should-load-homepage-successfully-chromium\error-context.md
]]>
</failure>
<system-out>
<![CDATA[
[[ATTACHMENT|homepage-Homepage-Tests-should-load-homepage-successfully-chromium\test-failed-1.png]]

[[ATTACHMENT|homepage-Homepage-Tests-should-load-homepage-successfully-chromium\video.webm]]

[[ATTACHMENT|homepage-Homepage-Tests-should-load-homepage-successfully-chromium\error-context.md]]
]]>
</system-out>
</testcase>
</testsuite>
</testsuites>